INFO - PoolWorker-1 - run - 2016-05-02 22:51:14,873 - crawl energy.cpnn from 2016-05-02 22:51:14.873149
WARNING - PoolWorker-1 - cpnn_spider - 2016-05-02 22:51:15,387 - >>>>>>>>>>>>>>>>>>>>>>>>>>>>>>>>>>>>>>>>>>>>>>>>>>>>>>>>>>>>>>>>>>>>>>
WARNING - PoolWorker-1 - cpnn_spider - 2016-05-02 22:51:15,387 - 67
WARNING - PoolWorker-1 - cpnn_spider - 2016-05-02 22:51:15,963 - >>>>>>>>>>>>>>>>>>>>>>>>>>>>>>>>>>>>>>>>>>>>>>>>>>>>>>>>>>>>>>>>>>>>>>
WARNING - PoolWorker-1 - cpnn_spider - 2016-05-02 22:51:15,963 - 67
WARNING - PoolWorker-1 - cpnn_spider - 2016-05-02 22:51:17,052 - >>>>>>>>>>>>>>>>>>>>>>>>>>>>>>>>>>>>>>>>>>>>>>>>>>>>>>>>>>>>>>>>>>>>>>
WARNING - PoolWorker-1 - cpnn_spider - 2016-05-02 22:51:17,053 - 6
WARNING - PoolWorker-1 - cpnn_spider - 2016-05-02 22:51:18,026 - >>>>>>>>>>>>>>>>>>>>>>>>>>>>>>>>>>>>>>>>>>>>>>>>>>>>>>>>>>>>>>>>>>>>>>
WARNING - PoolWorker-1 - cpnn_spider - 2016-05-02 22:51:18,027 - 8
WARNING - PoolWorker-1 - cpnn_spider - 2016-05-02 22:51:19,142 - >>>>>>>>>>>>>>>>>>>>>>>>>>>>>>>>>>>>>>>>>>>>>>>>>>>>>>>>>>>>>>>>>>>>>>
WARNING - PoolWorker-1 - cpnn_spider - 2016-05-02 22:51:19,142 - 3
WARNING - PoolWorker-1 - cpnn_spider - 2016-05-02 22:51:19,935 - >>>>>>>>>>>>>>>>>>>>>>>>>>>>>>>>>>>>>>>>>>>>>>>>>>>>>>>>>>>>>>>>>>>>>>
WARNING - PoolWorker-1 - cpnn_spider - 2016-05-02 22:51:19,935 - 67
WARNING - PoolWorker-1 - cpnn_spider - 2016-05-02 22:51:20,983 - >>>>>>>>>>>>>>>>>>>>>>>>>>>>>>>>>>>>>>>>>>>>>>>>>>>>>>>>>>>>>>>>>>>>>>
WARNING - PoolWorker-1 - cpnn_spider - 2016-05-02 22:51:20,984 - 67
WARNING - PoolWorker-1 - cpnn_spider - 2016-05-02 22:51:22,060 - >>>>>>>>>>>>>>>>>>>>>>>>>>>>>>>>>>>>>>>>>>>>>>>>>>>>>>>>>>>>>>>>>>>>>>
WARNING - PoolWorker-1 - cpnn_spider - 2016-05-02 22:51:22,061 - 29
WARNING - PoolWorker-1 - cpnn_spider - 2016-05-02 22:51:22,592 - Warning##energy.cpnn##_get_result, cannot get data from http://www.cpnn.com.cn/dqztbpd/hyzx/default.html!
WARNING - PoolWorker-1 - cpnn_spider - 2016-05-02 22:51:23,587 - Warning##energy.cpnn##_finish_item##http://www.cpnn.com.cn/dw/201604/t20160427_882371.html, because of list index out of range!
ERROR - PoolWorker-1 - process - 2016-05-02 22:51:23,590 - [NormalizePipeline] Item of http://www.cpnn.com.cn/dw/201604/t20160427_882371.html lack title, drop it!
